Step: step-credential-initializer-5lh4b:

{"level":"warn","ts":1565728056.5121205,"logger":"fallback-logger","caller":"logging/config.go:69","msg":"Fetch GitHub commit ID from kodata failed: \"ref: refs/heads/master\" is not a valid GitHub commit ID"}
{"level":"info","ts":1565728056.5125394,"logger":"fallback-logger","caller":"creds-init/main.go:40","msg":"Credentials initialized."}
Step: step-working-dir-initializer-tsx62:

{"level":"warn","ts":1565728056.736725,"logger":"fallback-logger","caller":"logging/config.go:69","msg":"Fetch GitHub commit ID from kodata failed: open /var/run/ko/HEAD: no such file or directory"}
{"level":"info","ts":1565728056.7377753,"logger":"fallback-logger","caller":"bash/main.go:65","msg":"Successfully executed command \"mkdir -p /workspace/source\""}
Step: step-place-tools:

Step: step-git-source-meta-*********-jx-prow-pr-1-ser-hdmj6:

{"level":"warn","ts":1565728061.8326297,"logger":"fallback-logger","caller":"logging/config.go:69","msg":"Fetch GitHub commit ID from kodata failed: \"ref: refs/heads/master\" is not a valid GitHub commit ID"}
{"level":"info","ts":1565728062.127747,"logger":"fallback-logger","caller":"git/git.go:102","msg":"Successfully cloned https://github.com/*********/jx-prow.git @ a42673f4171d9eff5c84c9450b8fc783b596e5d2 in path /workspace/source"}
Step: step-git-merge:

{"level":"info","msg":"Using SHAs from PULL_REFS=master:a42673f4171d9eff5c84c9450b8fc783b596e5d2,1:254ea1736abf8b9fc4c7b7ee19ac89959dce989c","time":"2019-08-13T20:27:43Z"}
{"level":"debug","msg":"ran git fetch --unshallow origin 254ea1736abf8b9fc4c7b7ee19ac89959dce989c: a42673f4171d9eff5c84c9450b8fc783b596e5d2: in ","time":"2019-08-13T20:27:43Z"}
{"level":"debug","msg":"ran git checkout master in ","time":"2019-08-13T20:27:43Z"}
{"level":"debug","msg":"ran git reset --hard a42673f4171d9eff5c84c9450b8fc783b596e5d2 in ","time":"2019-08-13T20:27:43Z"}
{"level":"debug","msg":"ran clean --force -d . in ","time":"2019-08-13T20:27:43Z"}
{"level":"debug","msg":"ran git merge 254ea1736abf8b9fc4c7b7ee19ac89959dce989c in ","time":"2019-08-13T20:27:43Z"}
MERGED SHA SUBJECT
254ea1736  My first PR with prow
Step: step-merge-pull-refs:

{"level":"debug","msg":"ran git fetch origin 254ea1736abf8b9fc4c7b7ee19ac89959dce989c: a42673f4171d9eff5c84c9450b8fc783b596e5d2: in ","time":"2019-08-13T20:27:44Z"}
{"level":"debug","msg":"Unshallowed git repo in ","time":"2019-08-13T20:27:44Z"}
{"level":"debug","msg":"ran git checkout master in ","time":"2019-08-13T20:27:44Z"}
{"level":"debug","msg":"ran git reset --hard a42673f4171d9eff5c84c9450b8fc783b596e5d2 in ","time":"2019-08-13T20:27:44Z"}
{"level":"debug","msg":"ran clean --force -d . in ","time":"2019-08-13T20:27:44Z"}
{"level":"debug","msg":"ran git merge 254ea1736abf8b9fc4c7b7ee19ac89959dce989c in ","time":"2019-08-13T20:27:44Z"}
MERGED SHA SUBJECT
254ea1736  My first PR with prow
Step: step-create-effective-pipeline:

{"level":"info","msg":"Deleting and cloning the Jenkins X versions repo","time":"2019-08-13T20:27:46Z"}
{"level":"info","msg":"Cloning the Jenkins X versions repo https://github.com/jenkins-x/jenkins-x-versions.git with ref refs/heads/master to /builder/home/.jx/jenkins-x-versions","time":"2019-08-13T20:27:46Z"}
{"level":"info","msg":"Effective pipeline written to jenkins-x-serverless-jenkins-effective.yml","time":"2019-08-13T20:27:49Z"}
Step: step-create-tekton-crds:

{"level":"warning","msg":"failed to find secret kaniko-secret in namespace *********: secrets \"kaniko-secret\" not found","time":"2019-08-13T20:27:50Z"}
{"level":"info","msg":"PipelineActivity for *********-jx-prow-PR-1-1","time":"2019-08-13T20:27:50Z"}
{"level":"info","msg":"Applying changes ","time":"2019-08-13T20:27:50Z"}
{"level":"info","msg":"Checking if batch build reconciling is needed","time":"2019-08-13T20:27:50Z"}
{"level":"info","msg":"upserted PipelineResource *********-jx-prow-pr-1-serverle for the git repository https://github.com/*********/jx-prow.git and branch PR-1","time":"2019-08-13T20:27:50Z"}
{"level":"info","msg":"upserted Task *********-jx-prow-pr-1-serverle-from-build-pack-1","time":"2019-08-13T20:27:50Z"}
{"level":"info","msg":"upserted Pipeline *********-jx-prow-pr-1-serverle-1","time":"2019-08-13T20:27:50Z"}
{"level":"info","msg":"created PipelineRun *********-jx-prow-pr-1-serverle-1","time":"2019-08-13T20:27:50Z"}
{"level":"info","msg":"created PipelineStructure *********-jx-prow-pr-1-serverle-1","time":"2019-08-13T20:27:50Z"}
